<?xml version="1.0" encoding="UTF-8"?>
<!-- Generated by org.testng.reporters.JUnitReportReporter -->
<testsuite skipped="0" hostname="admichy-PC" name="com.example.demo.testcase.NewTest" tests="1" failures="0" timestamp="26 三月 2018 10:00:58 GMT" time="0.047" errors="0">
  <testcase name="f" time="0.047" classname="com.example.demo.testcase.NewTest"/>
</testsuite> <!-- com.example.demo.testcase.NewTest -->
